
=== Tue Jun  7 11:25:29 2022

Packages were changed.
Update Mode: mergeDefaultDependencies

The following packages were added:
  com.unity.ide.rider@3.0.14
  com.unity.ide.visualstudio@2.0.15
  com.unity.ide.vscode@1.2.5
  com.unity.modules.ai@1.0.0
  com.unity.modules.androidjni@1.0.0
  com.unity.modules.animation@1.0.0
  com.unity.modules.assetbundle@1.0.0
  com.unity.modules.audio@1.0.0
  com.unity.modules.cloth@1.0.0
  com.unity.modules.director@1.0.0
  com.unity.modules.imageconversion@1.0.0
  com.unity.modules.imgui@1.0.0
  com.unity.modules.jsonserialize@1.0.0
  com.unity.modules.particlesystem@1.0.0
  com.unity.modules.physics@1.0.0
  com.unity.modules.physics2d@1.0.0
  com.unity.modules.screencapture@1.0.0
  com.unity.modules.terrain@1.0.0
  com.unity.modules.terrainphysics@1.0.0
  com.unity.modules.tilemap@1.0.0
  com.unity.modules.ui@1.0.0
  com.unity.modules.uielements@1.0.0
  com.unity.modules.umbra@1.0.0
  com.unity.modules.unityanalytics@1.0.0
  com.unity.modules.unitywebrequest@1.0.0
  com.unity.modules.unitywebrequestassetbundle@1.0.0
  com.unity.modules.unitywebrequestaudio@1.0.0
  com.unity.modules.unitywebrequesttexture@1.0.0
  com.unity.modules.unitywebrequestwww@1.0.0
  com.unity.modules.vehicles@1.0.0
  com.unity.modules.video@1.0.0
  com.unity.modules.vr@1.0.0
  com.unity.modules.wind@1.0.0
  com.unity.modules.xr@1.0.0
  com.unity.test-framework@1.1.31
  com.unity.ugui@1.0.0
The following packages were updated:
  com.unity.collab-proxy from version 1.15.7 to 1.15.17
  com.unity.learn.iet-framework from version 2.1.1 to 2.2.1
  com.unity.timeline from version 1.6.3 to 1.6.4
  com.unity.visualscripting from version 1.7.6 to 1.7.8

=== Thu Sep 15 15:09:33 2022

Packages were changed.
Update Mode: updateDependencies

The following packages were updated:
  com.unity.collab-proxy from version 1.15.17 to 1.17.1
  com.unity.ide.rider from version 3.0.14 to 3.0.15
  com.unity.ide.visualstudio from version 2.0.15 to 2.0.16
  com.unity.learn.iet-framework from version 2.2.1 to 2.2.2
